<?xml version="1.0" encoding="UTF-8"?>
<!-- Generated by org.testng.reporters.JUnitXMLReporter -->
<testsuite hostname="1INITCLT02666" ignored="1" name="Default test" tests="5" failures="1" timestamp="17 Dec 2022 13:35:34 GMT" time="0.053" errors="0">
  <testcase name="Demo2" time="0.0" classname="TestPackage.Basics">
    <failure type="org.testng.TestNGException" message="
Parameter &amp;apos;URL&amp;apos; is required by @Test on method Demo2 but has not been marked @Optional or defined
in C:\Users\sukruthak-c\AppData\Local\Temp\testng-eclipse-1646889747\testng-customsuite.xml">
      <![CDATA[org.testng.TestNGException: 
Parameter 'URL' is required by @Test on method Demo2 but has not been marked @Optional or defined
in C:\Users\sukruthak-c\AppData\Local\Temp\testng-eclipse-1646889747\testng-customsuite.xml
	at org.testng.internal.Parameters.createParameters(Parameters.java:199)
	at org.testng.internal.Parameters.createParameters(Parameters.java:443)
	at org.testng.internal.Parameters.handleParameters(Parameters.java:569)
	at org.testng.internal.Invoker.handleParameters(Invoker.java:1308)
	at org.testng.internal.Invoker.createParameters(Invoker.java:1036)
	at org.testng.internal.Invoker.invokeTestMethods(Invoker.java:1126)
	at org.testng.internal.TestMethodWorker.invokeTestMethods(TestMethodWorker.java:126)
	at org.testng.internal.TestMethodWorker.run(TestMethodWorker.java:109)
	at org.testng.TestRunner.privateRun(TestRunner.java:744)
	at org.testng.TestRunner.run(TestRunner.java:602)
	at org.testng.SuiteRunner.runTest(SuiteRunner.java:380)
	at org.testng.SuiteRunner.runSequentially(SuiteRunner.java:375)
	at org.testng.SuiteRunner.privateRun(SuiteRunner.java:340)
	at org.testng.SuiteRunner.run(SuiteRunner.java:289)
	at org.testng.SuiteRunnerWorker.runSuite(SuiteRunnerWorker.java:52)
	at org.testng.SuiteRunnerWorker.run(SuiteRunnerWorker.java:86)
	at org.testng.TestNG.runSuitesSequentially(TestNG.java:1301)
	at org.testng.TestNG.runSuitesLocally(TestNG.java:1226)
	at org.testng.TestNG.runSuites(TestNG.java:1144)
	at org.testng.TestNG.run(TestNG.java:1115)
	at org.testng.remote.AbstractRemoteTestNG.run(AbstractRemoteTestNG.java:132)
	at org.testng.remote.RemoteTestNG.initAndRun(RemoteTestNG.java:230)
	at org.testng.remote.RemoteTestNG.main(RemoteTestNG.java:76)
]]>
    </failure>
  </testcase> <!-- Demo2 -->
  <testcase name="Demo4" time="0.007" classname="TestPackage.Basics"/>
  <testcase name="Demo6" time="0.007" classname="TestPackage.Basics"/>
  <testcase name="Wemo" time="0.001" classname="TestPackage.Basics"/>
  <testcase name="Demo3" time="0.001" classname="TestPackage.Basics"/>
  <testcase name="Demo5" time="0.0" classname="TestPackage.Basics">
    <ignored/>
  </testcase> <!-- Demo5 -->
</testsuite> <!-- Default test -->
